c:\github\head1stopencv\opencv-cpp-4.12.0\psc_opencv-2.4.9\computer vision\computer_vision\x64\debug\vc120.pdb
c:\github\head1stopencv\opencv-cpp-4.12.0\psc_opencv-2.4.9\computer vision\computer_vision\x64\debug\tinyxmlparser.obj
c:\github\head1stopencv\opencv-cpp-4.12.0\psc_opencv-2.4.9\computer vision\computer_vision\x64\debug\tinyxmlerror.obj
c:\github\head1stopencv\opencv-cpp-4.12.0\psc_opencv-2.4.9\computer vision\computer_vision\x64\debug\tinyxml.obj
c:\github\head1stopencv\opencv-cpp-4.12.0\psc_opencv-2.4.9\computer vision\computer_vision\x64\debug\tinystr.obj
c:\github\head1stopencv\opencv-cpp-4.12.0\psc_opencv-2.4.9\computer vision\computer_vision\x64\debug\qt_halcon.obj
c:\github\head1stopencv\opencv-cpp-4.12.0\psc_opencv-2.4.9\computer vision\computer_vision\x64\debug\partstrainer.obj
c:\github\head1stopencv\opencv-cpp-4.12.0\psc_opencv-2.4.9\computer vision\computer_vision\x64\debug\partscounter.obj
c:\github\head1stopencv\opencv-cpp-4.12.0\psc_opencv-2.4.9\computer vision\computer_vision\x64\debug\main.obj
c:\github\head1stopencv\opencv-cpp-4.12.0\psc_opencv-2.4.9\computer vision\computer_vision\x64\debug\hp_detection_partstrainer.obj
c:\github\head1stopencv\opencv-cpp-4.12.0\psc_opencv-2.4.9\computer vision\computer_vision\x64\debug\hp_detection_partscounter.obj
c:\github\head1stopencv\opencv-cpp-4.12.0\psc_opencv-2.4.9\computer vision\computer_vision\x64\debug\halcondll.obj
c:\github\head1stopencv\opencv-cpp-4.12.0\psc_opencv-2.4.9\computer vision\computer_vision\x64\debug\computervisionhal.obj
c:\github\head1stopencv\opencv-cpp-4.12.0\psc_opencv-2.4.9\computer vision\computer_vision\x64\debug\cfg.obj
c:\github\head1stopencv\opencv-cpp-4.12.0\psc_opencv-2.4.9\computer vision\computer_vision\debug\computer_vision.lib
c:\github\head1stopencv\opencv-cpp-4.12.0\psc_opencv-2.4.9\computer vision\computer_vision\debug\computer_vision.exp
c:\github\head1stopencv\opencv-cpp-4.12.0\psc_opencv-2.4.9\computer vision\computer_vision\debug\computer_vision.ilk
c:\github\head1stopencv\opencv-cpp-4.12.0\psc_opencv-2.4.9\computer vision\computer_vision\debug\computer_vision.dll
c:\github\head1stopencv\opencv-cpp-4.12.0\psc_opencv-2.4.9\computer vision\computer_vision\debug\computer_vision.pdb
c:\github\head1stopencv\opencv-cpp-2.4.9\psc_opencv-2.4.9\computer_vision\computer_vision\x64\debug\cfg.obj
c:\github\head1stopencv\opencv-cpp-2.4.9\psc_opencv-2.4.9\computer_vision\computer_vision\x64\debug\computervisionhal.obj
c:\github\head1stopencv\opencv-cpp-2.4.9\psc_opencv-2.4.9\computer_vision\computer_vision\x64\debug\halcondll.obj
c:\github\head1stopencv\opencv-cpp-2.4.9\psc_opencv-2.4.9\computer_vision\computer_vision\x64\debug\hp_detection_partscounter.obj
c:\github\head1stopencv\opencv-cpp-2.4.9\psc_opencv-2.4.9\computer_vision\computer_vision\x64\debug\hp_detection_partstrainer.obj
c:\github\head1stopencv\opencv-cpp-2.4.9\psc_opencv-2.4.9\computer_vision\computer_vision\x64\debug\main.obj
c:\github\head1stopencv\opencv-cpp-2.4.9\psc_opencv-2.4.9\computer_vision\computer_vision\x64\debug\partscounter.obj
c:\github\head1stopencv\opencv-cpp-2.4.9\psc_opencv-2.4.9\computer_vision\computer_vision\x64\debug\partstrainer.obj
c:\github\head1stopencv\opencv-cpp-2.4.9\psc_opencv-2.4.9\computer_vision\computer_vision\x64\debug\qt_halcon.obj
c:\github\head1stopencv\opencv-cpp-2.4.9\psc_opencv-2.4.9\computer_vision\computer_vision\x64\debug\tinystr.obj
c:\github\head1stopencv\opencv-cpp-2.4.9\psc_opencv-2.4.9\computer_vision\computer_vision\x64\debug\tinyxml.obj
c:\github\head1stopencv\opencv-cpp-2.4.9\psc_opencv-2.4.9\computer_vision\computer_vision\x64\debug\tinyxmlerror.obj
c:\github\head1stopencv\opencv-cpp-2.4.9\psc_opencv-2.4.9\computer_vision\computer_vision\x64\debug\tinyxmlparser.obj
c:\github\head1stopencv\opencv-cpp-2.4.9\psc_opencv-2.4.9\computer_vision\computer_vision\x64\debug\vc120.pdb
c:\github\head1stopencv\opencv-cpp-2.4.9\psc_opencv-2.4.9\computer_vision\computer_vision\.\debug\computer_vision.dll
c:\github\head1stopencv\opencv-cpp-2.4.9\psc_opencv-2.4.9\computer_vision\computer_vision\x64\debug\computer_vision.tlog\cl.command.1.tlog
c:\github\head1stopencv\opencv-cpp-2.4.9\psc_opencv-2.4.9\computer_vision\computer_vision\x64\debug\computer_vision.tlog\cl.read.1.tlog
c:\github\head1stopencv\opencv-cpp-2.4.9\psc_opencv-2.4.9\computer_vision\computer_vision\x64\debug\computer_vision.tlog\cl.write.1.tlog
c:\github\head1stopencv\opencv-cpp-2.4.9\psc_opencv-2.4.9\computer_vision\computer_vision\x64\debug\computer_vision.tlog\computer_vision.write.1u.tlog
c:\github\head1stopencv\opencv-cpp-2.4.9\psc_opencv-2.4.9\computer_vision\computer_vision\x64\debug\computer_vision.tlog\link.command.1.tlog
c:\github\head1stopencv\opencv-cpp-2.4.9\psc_opencv-2.4.9\computer_vision\computer_vision\x64\debug\computer_vision.tlog\link.read.1.tlog
c:\github\head1stopencv\opencv-cpp-2.4.9\psc_opencv-2.4.9\computer_vision\computer_vision\x64\debug\computer_vision.tlog\link.write.1.tlog
